<?xml version="1.0" encoding="UTF-8"?>
<!-- Generated by org.testng.reporters.JUnitXMLReporter -->
<testsuite hostname="chetan" ignored="0" name="Test" tests="1" failures="0" timestamp="13 Jan 2018 12:19:33 GMT" time="1.097" errors="0">
  <testcase name="@BeforeTest method" time="1.035" classname="com.picaso.XYZ">
    <failure type="java.lang.IllegalStateException" message="The driver executable does not exist: C:\Users\chetan_kale\workspace\Picaso\Resource\chromedriver.exe">
      <![CDATA[java.lang.IllegalStateException: The driver executable does not exist: C:\Users\chetan_kale\workspace\Picaso\Resource\chromedriver.exeat com.google.common.base.Preconditions.checkState(Preconditions.java:534)at org.openqa.selenium.remote.service.DriverService.checkExecutable(DriverService.java:136)at org.openqa.selenium.remote.service.DriverService.findExecutable(DriverService.java:131)at org.openqa.selenium.chrome.ChromeDriverService.access$000(ChromeDriverService.java:32)at org.openqa.selenium.chrome.ChromeDriverService$Builder.findDefaultExecutable(ChromeDriverService.java:137)at org.openqa.selenium.remote.service.DriverService$Builder.build(DriverService.java:339)at org.openqa.selenium.chrome.ChromeDriverService.createDefaultService(ChromeDriverService.java:88)at org.openqa.selenium.chrome.ChromeDriver.<init>(ChromeDriver.java:123)at com.picaso.XYZ.method(XYZ.java:49)... Removed 24 stack frames]]>
    </failure>
  </testcase> <!-- @BeforeTest method -->
  <testcase name="@AfterTest teardown" time="0.0" classname="com.picaso.XYZ">
    <skipped/>
  </testcase> <!-- @AfterTest teardown -->
  <testcase name="signUp_function" time="0.0" classname="com.picaso.XYZ">
    <skipped/>
  </testcase> <!-- signUp_function -->
</testsuite> <!-- Test -->
